<?xml version="1.0" encoding="utf-8"?><testsuites><testsuite name="pytest" errors="0" failures="0" skipped="0" tests="53" time="0.229" timestamp="2025-06-01T11:20:24.385060" hostname="LAPTOP-0HL6S5CL"><testcase classname="test.test_calculator" name="test_decimal_button" time="0.001" /><testcase classname="test.test_calculator" name="test_operator_button" time="0.001" /><testcase classname="test.test_calculator" name="test_multiple_operator_buttons" time="0.001" /><testcase classname="test.test_calculator" name="test_square_button" time="0.001" /><testcase classname="test.test_calculator" name="test_sqrt_button" time="0.001" /><testcase classname="test.test_calculator" name="test_evaluate_basic" time="0.001" /><testcase classname="test.test_calculator" name="test_evaluate_invalid_expression" time="0.001" /><testcase classname="test.test_calculator" name="test_ui_update_after_calculation" time="0.001" /><testcase classname="test.test_calculator_edge_cases" name="test_empty_input_on_evaluate" time="0.001" /><testcase classname="test.test_calculator_edge_cases" name="test_invalid_square_root" time="0.001" /><testcase classname="test.test_calculator_edge_cases" name="test_long_input_display" time="0.001" /><testcase classname="test.test_calculator_edge_cases" name="test_display_truncation" time="0.001" /><testcase classname="test.test_calculator_input_validation" name="test_invalid_character" time="0.001" /><testcase classname="test.test_calculator_input_validation" name="test_empty_expression" time="0.001" /><testcase classname="test.test_calculator_input_validation" name="test_multiple_operators" time="0.001" /><testcase classname="test.test_calculator_operations" name="test_parentheses" time="0.001" /><testcase classname="test.test_calculator_operations" name="test_multiple_parentheses" time="0.001" /><testcase classname="test.test_calculator_operations" name="test_operator_precedence" time="0.001" /><testcase classname="test.test_calculator_operations" name="test_negative_numbers" time="0.001" /><testcase classname="test.test_calculator_special_functions" name="test_square_button" time="0.001" /><testcase classname="test.test_calculator_special_functions" name="test_sqrt_button" time="0.001" /><testcase classname="test.test_calculator_special_functions" name="test_clear_button" time="0.001" /><testcase classname="test.test_calculator_special_functions" name="test_equals_button" time="0.001" /><testcase classname="test.test_path_coverage" name="test_path_add_then_multiply" time="0.001" /><testcase classname="test.test_path_coverage" name="test_path_parentheses" time="0.001" /><testcase classname="test.test_path_coverage" name="test_operator_overwrite" time="0.001" /><testcase classname="test.test_path_coverage" name="test_square_root" time="0.001" /><testcase classname="test.test_path_coverage" name="test_square_root_zero" time="0.001" /><testcase classname="test.test_path_coverage" name="test_square_root_negative" time="0.001" /><testcase classname="test.test_path_coverage" name="test_square" time="0.001" /><testcase classname="test.test_path_coverage" name="test_square_zero" time="0.001" /><testcase classname="test.test_path_coverage" name="test_zero_division" time="0.001" /><testcase classname="test.test_path_coverage" name="test_parentheses_expression" time="0.001" /><testcase classname="test.test_path_coverage" name="test_multiple_decimal_points" time="0.001" /><testcase classname="test.test_path_coverage" name="test_multiple_operations" time="0.001" /><testcase classname="test.test_path_coverage" name="test_long_expression" time="0.001" /><testcase classname="test.test_path_coverage" name="test_clear_function" time="0.001" /><testcase classname="test.test_path_coverage" name="test_error_recovery_invalid_expression" time="0.001" /><testcase classname="test.test_statement_coverage" name="test_arithmetic_operations[5-+-3-8]" time="0.001" /><testcase classname="test.test_statement_coverage" name="test_arithmetic_operations[2-*-4-8]" time="0.001" /><testcase classname="test.test_statement_coverage" name="test_arithmetic_operations[10---6-4]" time="0.001" /><testcase classname="test.test_statement_coverage" name="test_arithmetic_operations[20-/-4-5.0]" time="0.001" /><testcase classname="test.test_statement_coverage" name="test_arithmetic_operations[9-%-4-1]" time="0.001" /><testcase classname="test.test_statement_coverage" name="test_arithmetic_operations[7---7-0]" time="0.001" /><testcase classname="test.test_statement_coverage" name="test_arithmetic_operations[0-+-0-0]" time="0.001" /><testcase classname="test.test_statement_coverage" name="test_arithmetic_operations[100-*-0-0]" time="0.001" /><testcase classname="test.test_statement_coverage" name="test_arithmetic_operations[-5-+-10-5]" time="0.001" /><testcase classname="test.test_statement_coverage" name="test_clear" time="0.001" /><testcase classname="test.test_statement_coverage" name="test_square_operation" time="0.001" /><testcase classname="test.test_statement_coverage" name="test_sqrt_operation" time="0.001" /><testcase classname="test.test_statement_coverage" name="test_invalid_expressions" time="0.001" /><testcase classname="test.test_statement_coverage" name="test_chained_expression" time="0.001" /><testcase classname="test.test_statement_coverage" name="test_getters" time="0.001" /></testsuite></testsuites>